<?xml version="1.0" encoding="UTF-8"?>
<!-- Generated by org.testng.reporters.JUnitXMLReporter -->
<testsuite hostname="NB-MohammedMUS" ignored="0" name="Default test" tests="4" failures="0" timestamp="22 Jun 2019 12:20:32 GMT" time="22.098" errors="0">
  <testcase name="AccessRequests" time="6.096" classname="Demo.nopCommerce.com.TestLogin">
    <skipped/>
  </testcase> <!-- AccessRequests -->
  <testcase name="AccessRequests" time="6.088" classname="Demo.nopCommerce.com.TestLogin"/>
  <testcase name="AccessRequests" time="4.216" classname="Demo.nopCommerce.com.TestLogin"/>
  <testcase name="AccessRequests" time="3.544" classname="Demo.nopCommerce.com.TestLogin"/>
</testsuite> <!-- Default test -->
